<?xml version="1.0" encoding="UTF-8"?>
<testsuite name="com.example.ShareEventAppApplicationTests" tests="1" skipped="0" failures="0" errors="0" timestamp="2019-11-16T09:30:18" hostname="LAPTOP-H7QVDOHR" time="0.581">
  <properties/>
  <testcase name="contextLoads()" classname="com.example.ShareEventAppApplicationTests" time="0.581"/>
  <system-out><![CDATA[18:30:14.435 [Test worker] DEBUG org.springframework.test.context.BootstrapUtils - Instantiating CacheAwareContextLoaderDelegate from class [org.springframework.test.context.cache.DefaultCacheAwareContextLoaderDelegate]
18:30:14.452 [Test worker] DEBUG org.springframework.test.context.BootstrapUtils - Instantiating BootstrapContext using constructor [public org.springframework.test.context.support.DefaultBootstrapContext(java.lang.Class,org.springframework.test.context.CacheAwareContextLoaderDelegate)]
18:30:14.480 [Test worker] DEBUG org.springframework.test.context.BootstrapUtils - Instantiating TestContextBootstrapper for test class [com.example.ShareEventAppApplicationTests] from class [org.springframework.boot.test.context.SpringBootTestContextBootstrapper]
18:30:14.505 [Test worker] INFO org.springframework.boot.test.context.SpringBootTestContextBootstrapper - Neither @ContextConfiguration nor @ContextHierarchy found for test class [com.example.ShareEventAppApplicationTests], using SpringBootContextLoader
18:30:14.510 [Test worker] DEBUG org.springframework.test.context.support.AbstractContextLoader - Did not detect default resource location for test class [com.example.ShareEventAppApplicationTests]: class path resource [com/example/ShareEventAppApplicationTests-context.xml] does not exist
18:30:14.511 [Test worker] DEBUG org.springframework.test.context.support.AbstractContextLoader - Did not detect default resource location for test class [com.example.ShareEventAppApplicationTests]: class path resource [com/example/ShareEventAppApplicationTestsContext.groovy] does not exist
18:30:14.511 [Test worker] INFO org.springframework.test.context.support.AbstractContextLoader - Could not detect default resource locations for test class [com.example.ShareEventAppApplicationTests]: no resource found for suffixes {-context.xml, Context.groovy}.
18:30:14.512 [Test worker] INFO org.springframework.test.context.support.AnnotationConfigContextLoaderUtils - Could not detect default configuration classes for test class [com.example.ShareEventAppApplicationTests]: ShareEventAppApplicationTests does not declare any static, non-private, non-final, nested classes annotated with @Configuration.
18:30:14.556 [Test worker] DEBUG org.springframework.test.context.support.ActiveProfilesUtils - Could not find an 'annotation declaring class' for annotation type [org.springframework.test.context.ActiveProfiles] and class [com.example.ShareEventAppApplicationTests]
18:30:14.633 [Test worker] DEBUG org.springframework.context.annotation.ClassPathScanningCandidateComponentProvider - Identified candidate component class: file [C:\Users\takus\spring_calender\shareEventApp\build\classes\java\main\com\example\ShareEventAppApplication.class]
18:30:14.634 [Test worker] INFO org.springframework.boot.test.context.SpringBootTestContextBootstrapper - Found @SpringBootConfiguration com.example.ShareEventAppApplication for test class com.example.ShareEventAppApplicationTests
18:30:14.753 [Test worker] DEBUG org.springframework.boot.test.context.SpringBootTestContextBootstrapper - @TestExecutionListeners is not present for class [com.example.ShareEventAppApplicationTests]: using defaults.
18:30:14.754 [Test worker] INFO org.springframework.boot.test.context.SpringBootTestContextBootstrapper - Loaded default TestExecutionListener class names from location [META-INF/spring.factories]: [org.springframework.security.test.context.support.WithSecurityContextTestExecutionListener, org.springframework.security.test.context.support.ReactorContextTestExecutionListener, org.springframework.boot.test.autoconfigure.restdocs.RestDocsTestExecutionListener, org.springframework.boot.test.autoconfigure.web.client.MockRestServiceServerResetTestExecutionListener, org.springframework.boot.test.autoconfigure.web.servlet.MockMvcPrintOnlyOnFailureTestExecutionListener, org.springframework.boot.test.autoconfigure.web.servlet.WebDriverTestExecutionListener, org.springframework.boot.test.mock.mockito.MockitoTestExecutionListener, org.springframework.boot.test.mock.mockito.ResetMocksTestExecutionListener, org.springframework.test.context.web.ServletTestExecutionListener, org.springframework.test.context.support.DirtiesContextBeforeModesTestExecutionListener, org.springframework.test.context.support.DependencyInjectionTestExecutionListener, org.springframework.test.context.support.DirtiesContextTestExecutionListener, org.springframework.test.context.transaction.TransactionalTestExecutionListener, org.springframework.test.context.jdbc.SqlScriptsTestExecutionListener, org.springframework.test.context.event.EventPublishingTestExecutionListener]
18:30:14.777 [Test worker] INFO org.springframework.boot.test.context.SpringBootTestContextBootstrapper - Using TestExecutionListeners: [org.springframework.test.context.web.ServletTestExecutionListener@10299746, org.springframework.test.context.support.DirtiesContextBeforeModesTestExecutionListener@537859b0, org.springframework.boot.test.mock.mockito.MockitoTestExecutionListener@3ba4e121, org.springframework.boot.test.autoconfigure.SpringBootDependencyInjectionTestExecutionListener@6820c0b, org.springframework.test.context.support.DirtiesContextTestExecutionListener@5a4d283a, org.springframework.test.context.transaction.TransactionalTestExecutionListener@4be95f1a, org.springframework.test.context.jdbc.SqlScriptsTestExecutionListener@575802af, org.springframework.security.test.context.support.WithSecurityContextTestExecutionListener@412cae1b, org.springframework.test.context.event.EventPublishingTestExecutionListener@729352fc, org.springframework.security.test.context.support.ReactorContextTestExecutionListener@7303d23b, org.springframework.boot.test.autoconfigure.restdocs.RestDocsTestExecutionListener@6459eb8e, org.springframework.boot.test.autoconfigure.web.client.MockRestServiceServerResetTestExecutionListener@4021cd68, org.springframework.boot.test.autoconfigure.web.servlet.MockMvcPrintOnlyOnFailureTestExecutionListener@284d7322, org.springframework.boot.test.autoconfigure.web.servlet.WebDriverTestExecutionListener@45b2ee1a, org.springframework.boot.test.mock.mockito.ResetMocksTestExecutionListener@6e1c78b9]
18:30:14.781 [Test worker] DEBUG org.springframework.test.context.support.AbstractDirtiesContextTestExecutionListener - Before test class: context [DefaultTestContext@ea46ffe testClass = ShareEventAppApplicationTests, testInstance = [null], testMethod = [null], testException = [null], mergedContextConfiguration = [WebMergedContextConfiguration@78f1b189 testClass = ShareEventAppApplicationTests, locations = '{}', classes = '{class com.example.ShareEventAppApplication}', contextInitializerClasses = '[]', activeProfiles = '{}', propertySourceLocations = '{}', propertySourceProperties = '{org.springframework.boot.test.context.SpringBootTestContextBootstrapper=true}', contextCustomizers = set[org.springframework.boot.test.autoconfigure.properties.PropertyMappingContextCustomizer@0, org.springframework.boot.test.autoconfigure.web.servlet.WebDriverContextCustomizerFactory$Customizer@4c3330f2, org.springframework.boot.test.context.filter.ExcludeFilterContextCustomizer@3b9a2049, org.springframework.boot.test.json.DuplicateJsonObjectContextCustomizerFactory$DuplicateJsonObjectContextCustomizer@7d47a01a, org.springframework.boot.test.mock.mockito.MockitoContextCustomizer@0, org.springframework.boot.test.web.client.TestRestTemplateContextCustomizer@15da8d4c], resourceBasePath = 'src/main/webapp', contextLoader = 'org.springframework.boot.test.context.SpringBootContextLoader', parent = [null]], attributes = map['org.springframework.test.context.web.ServletTestExecutionListener.activateListener' -> true]], class annotated with @DirtiesContext [false] with mode [null].
18:30:14.812 [Test worker] DEBUG org.springframework.test.context.support.TestPropertySourceUtils - Adding inlined properties to environment: {spring.jmx.enabled=false, org.springframework.boot.test.context.SpringBootTestContextBootstrapper=true, server.port=-1}

  .   ____          _            __ _ _
 /\\ / ___'_ __ _ _(_)_ __  __ _ \ \ \ \
( ( )\___ | '_ | '_| | '_ \/ _` | \ \ \ \
 \\/  ___)| |_)| | | | | || (_| |  ) ) ) )
  '  |____| .__|_| |_|_| |_\__, | / / / /
 =========|_|==============|___/=/_/_/_/
 :: Spring Boot ::        (v2.2.1.RELEASE)

2019-11-16 18:30:15.152  INFO 39300 --- [    Test worker] c.example.ShareEventAppApplicationTests  : Starting ShareEventAppApplicationTests on LAPTOP-H7QVDOHR with PID 39300 (started by takus in C:\Users\takus\spring_calender\shareEventApp)
2019-11-16 18:30:15.153  INFO 39300 --- [    Test worker] c.example.ShareEventAppApplicationTests  : No active profile set, falling back to default profiles: default
2019-11-16 18:30:17.374  INFO 39300 --- [    Test worker] o.s.s.web.DefaultSecurityFilterChain     : Creating filter chain: any request, [org.springframework.security.web.context.request.async.WebAsyncManagerIntegrationFilter@2cf7d6de, org.springframework.security.web.context.SecurityContextPersistenceFilter@4123a5fd, org.springframework.security.web.header.HeaderWriterFilter@2c0721f, org.springframework.security.web.csrf.CsrfFilter@2c8dfb46, org.springframework.security.web.authentication.logout.LogoutFilter@35472e32, org.springframework.security.web.authentication.UsernamePasswordAuthenticationFilter@51f44ae3, org.springframework.security.web.savedrequest.RequestCacheAwareFilter@455e44c6, org.springframework.security.web.servletapi.SecurityContextHolderAwareRequestFilter@754d1685, org.springframework.security.web.authentication.AnonymousAuthenticationFilter@7d98fb80, org.springframework.security.web.session.SessionManagementFilter@345e645d, org.springframework.security.web.access.ExceptionTranslationFilter@2a9c0f03, org.springframework.security.web.access.intercept.FilterSecurityInterceptor@6c5a3c89]
2019-11-16 18:30:17.811  INFO 39300 --- [    Test worker] o.s.s.concurrent.ThreadPoolTaskExecutor  : Initializing ExecutorService 'applicationTaskExecutor'
2019-11-16 18:30:17.957  INFO 39300 --- [    Test worker] o.s.b.a.w.s.WelcomePageHandlerMapping    : Adding welcome page template: index
2019-11-16 18:30:18.397  INFO 39300 --- [    Test worker] c.example.ShareEventAppApplicationTests  : Started ShareEventAppApplicationTests in 3.572 seconds (JVM running for 5.153)
]]></system-out>
  <system-err><![CDATA[]]></system-err>
</testsuite>
